# JRE version: OpenJDK Runtime Environment AdoptOpenJDK-11.0.11+9 (11.0.11+9) (build 11.0.11+9)
# Java VM: OpenJDK 64-Bit Server VM AdoptOpenJDK-11.0.11+9 (11.0.11+9, mixed mode, tiered, compressed oops, g1 gc, windows-amd64)
Heap:
 garbage-first heap   total 76800K, used 47679K [0x00000000c2400000, 0x0000000100000000)
  region size 1024K, 35 young (35840K), 5 survivors (5120K)
 Metaspace       used 54818K, capacity 56066K, committed 56368K, reserved 1097728K
  class space    used 6964K, capacity 7477K, committed 7552K, reserved 1048576K
GC Heap History (20 events):
Event: 2.737 GC heap before
{Heap before GC invocations=2 (full 0):
 garbage-first heap   total 63488K, used 15332K [0x00000000c2400000, 0x0000000100000000)
  region size 1024K, 10 young (10240K), 2 survivors (2048K)
 Metaspace       used 20648K, capacity 21163K, committed 21296K, reserved 1069056K
  class space    used 2224K, capacity 2414K, committed 2432K, reserved 1048576K
}
Event: 2.741 GC heap after
{Heap after GC invocations=3 (full 0):
 garbage-first heap   total 63488K, used 8424K [0x00000000c2400000, 0x0000000100000000)
  region size 1024K, 2 young (2048K), 2 survivors (2048K)
 Metaspace       used 20648K, capacity 21163K, committed 21296K, reserved 1069056K
  class space    used 2224K, capacity 2414K, committed 2432K, reserved 1048576K
}
Event: 3.235 GC heap before
{Heap before GC invocations=4 (full 0):
 garbage-first heap   total 63488K, used 31976K [0x00000000c2400000, 0x0000000100000000)
  region size 1024K, 26 young (26624K), 2 survivors (2048K)
 Metaspace       used 24268K, capacity 24823K, committed 24880K, reserved 1071104K
  class space    used 2717K, capacity 2931K, committed 2944K, reserved 1048576K
}
Event: 3.240 GC heap after
{Heap after GC invocations=5 (full 0):
 garbage-first heap   total 63488K, used 9419K [0x00000000c2400000, 0x0000000100000000)
  region size 1024K, 3 young (3072K), 3 survivors (3072K)
 Metaspace       used 24268K, capacity 24823K, committed 24880K, reserved 1071104K
  class space    used 2717K, capacity 2931K, committed 2944K, reserved 1048576K
}
Event: 3.260 GC heap before
{Heap before GC invocations=5 (full 0):
 garbage-first heap   total 63488K, used 35019K [0x00000000c2400000, 0x0000000100000000)
  region size 1024K, 29 young (29696K), 3 survivors (3072K)
 Metaspace       used 24298K, capacity 24855K, committed 25008K, reserved 1071104K
  class space    used 2722K, capacity 2963K, committed 3072K, reserved 1048576K
}
Event: 3.264 GC heap after
{Heap after GC invocations=6 (full 0):
 garbage-first heap   total 63488K, used 9528K [0x00000000c2400000, 0x0000000100000000)
  region size 1024K, 2 young (2048K), 2 survivors (2048K)
 Metaspace       used 24298K, capacity 24855K, committed 25008K, reserved 1071104K
  class space    used 2722K, capacity 2963K, committed 3072K, reserved 1048576K
}
Event: 3.956 GC heap before
{Heap before GC invocations=6 (full 0):
 garbage-first heap   total 63488K, used 36152K [0x00000000c2400000, 0x0000000100000000)
  region size 1024K, 29 young (29696K), 2 survivors (2048K)
 Metaspace       used 26013K, capacity 26626K, committed 26928K, reserved 1073152K
  class space    used 2896K, capacity 3143K, committed 3200K, reserved 1048576K
}
Event: 3.963 GC heap after
{Heap after GC invocations=7 (full 0):
 garbage-first heap   total 63488K, used 10576K [0x00000000c2400000, 0x0000000100000000)
  region size 1024K, 3 young (3072K), 3 survivors (3072K)
 Metaspace       used 26013K, capacity 26626K, committed 26928K, reserved 1073152K
  class space    used 2896K, capacity 3143K, committed 3200K, reserved 1048576K
}
Event: 5.250 GC heap before
{Heap before GC invocations=7 (full 0):
 garbage-first heap   total 63488K, used 38224K [0x00000000c2400000, 0x0000000100000000)
  region size 1024K, 31 young (31744K), 3 survivors (3072K)
 Metaspace       used 29878K, capacity 30706K, committed 30768K, reserved 1077248K
  class space    used 3410K, capacity 3705K, committed 3712K, reserved 1048576K
}
Event: 5.265 GC heap after
{Heap after GC invocations=8 (full 0):
 garbage-first heap   total 63488K, used 11625K [0x00000000c2400000, 0x0000000100000000)
  region size 1024K, 3 young (3072K), 3 survivors (3072K)
 Metaspace       used 29878K, capacity 30706K, committed 30768K, reserved 1077248K
  class space    used 3410K, capacity 3705K, committed 3712K, reserved 1048576K
}
Event: 6.898 GC heap before
{Heap before GC invocations=8 (full 0):
 garbage-first heap   total 63488K, used 36201K [0x00000000c2400000, 0x0000000100000000)
  region size 1024K, 28 young (28672K), 3 survivors (3072K)
 Metaspace       used 34556K, capacity 35526K, committed 35632K, reserved 1081344K
  class space    used 4031K, capacity 4415K, committed 4480K, reserved 1048576K
}
Event: 6.918 GC heap after
{Heap after GC invocations=9 (full 0):
 garbage-first heap   total 76800K, used 13782K [0x00000000c2400000, 0x0000000100000000)
  region size 1024K, 4 young (4096K), 4 survivors (4096K)
 Metaspace       used 34556K, capacity 35526K, committed 35632K, reserved 1081344K
  class space    used 4031K, capacity 4415K, committed 4480K, reserved 1048576K
}
Event: 7.022 GC heap before
{Heap before GC invocations=10 (full 0):
 garbage-first heap   total 76800K, used 46550K [0x00000000c2400000, 0x0000000100000000)
  region size 1024K, 37 young (37888K), 4 survivors (4096K)
 Metaspace       used 34815K, capacity 35817K, committed 35888K, reserved 1081344K
  class space    used 4055K, capacity 4448K, committed 4480K, reserved 1048576K
}
Event: 7.039 GC heap after
{Heap after GC invocations=11 (full 0):
 garbage-first heap   total 76800K, used 14310K [0x00000000c2400000, 0x0000000100000000)
  region size 1024K, 3 young (3072K), 3 survivors (3072K)
 Metaspace       used 34815K, capacity 35817K, committed 35888K, reserved 1081344K
  class space    used 4055K, capacity 4448K, committed 4480K, reserved 1048576K
}
Event: 8.004 GC heap before
{Heap before GC invocations=11 (full 0):
 garbage-first heap   total 76800K, used 49126K [0x00000000c2400000, 0x0000000100000000)
  region size 1024K, 38 young (38912K), 3 survivors (3072K)
 Metaspace       used 38391K, capacity 39486K, committed 39728K, reserved 1083392K
  class space    used 4528K, capacity 4987K, committed 4992K, reserved 1048576K
}
Event: 8.009 GC heap after
{Heap after GC invocations=12 (full 0):
 garbage-first heap   total 76800K, used 15121K [0x00000000c2400000, 0x0000000100000000)
  region size 1024K, 4 young (4096K), 4 survivors (4096K)
 Metaspace       used 38391K, capacity 39486K, committed 39728K, reserved 1083392K
  class space    used 4528K, capacity 4987K, committed 4992K, reserved 1048576K
}
Event: 9.232 GC heap before
{Heap before GC invocations=12 (full 0):
 garbage-first heap   total 76800K, used 55057K [0x00000000c2400000, 0x0000000100000000)
  region size 1024K, 43 young (44032K), 4 survivors (4096K)
 Metaspace       used 45309K, capacity 46427K, committed 46512K, reserved 1089536K
  class space    used 5620K, capacity 6083K, committed 6144K, reserved 1048576K
}
Event: 9.240 GC heap after
{Heap after GC invocations=13 (full 0):
 garbage-first heap   total 76800K, used 16573K [0x00000000c2400000, 0x0000000100000000)
  region size 1024K, 3 young (3072K), 3 survivors (3072K)
 Metaspace       used 45309K, capacity 46427K, committed 46512K, reserved 1089536K
  class space    used 5620K, capacity 6083K, committed 6144K, reserved 1048576K
}
Event: 11.166 GC heap before
{Heap before GC invocations=13 (full 0):
 garbage-first heap   total 76800K, used 56509K [0x00000000c2400000, 0x0000000100000000)
  region size 1024K, 42 young (43008K), 3 survivors (3072K)
 Metaspace       used 51038K, capacity 52274K, committed 52528K, reserved 1095680K
  class space    used 6438K, capacity 6921K, committed 7040K, reserved 1048576K
}
Event: 11.174 GC heap after
{Heap after GC invocations=14 (full 0):
 garbage-first heap   total 76800K, used 17983K [0x00000000c2400000, 0x0000000100000000)
  region size 1024K, 5 young (5120K), 5 survivors (5120K)
 Metaspace       used 51038K, capacity 52274K, committed 52528K, reserved 1095680K
  class space    used 6438K, capacity 6921K, committed 7040K, reserved 1048576K
}

