# JRE version: OpenJDK Runtime Environment AdoptOpenJDK-11.0.11+9 (11.0.11+9) (build 11.0.11+9)
# Java VM: OpenJDK 64-Bit Server VM AdoptOpenJDK-11.0.11+9 (11.0.11+9, mixed mode, tiered, compressed oops, g1 gc, windows-amd64)
Heap:
 garbage-first heap   total 76800K, used 52885K [0x00000000c2400000, 0x0000000100000000)
  region size 1024K, 39 young (39936K), 3 survivors (3072K)
 Metaspace       used 51938K, capacity 53128K, committed 53248K, reserved 1095680K
  class space    used 6593K, capacity 7052K, committed 7168K, reserved 1048576K
GC Heap History (20 events):
Event: 3.436 GC heap before
{Heap before GC invocations=2 (full 0):
 garbage-first heap   total 63488K, used 14601K [0x00000000c2400000, 0x0000000100000000)
  region size 1024K, 9 young (9216K), 2 survivors (2048K)
 Metaspace       used 20648K, capacity 21112K, committed 21296K, reserved 1069056K
  class space    used 2224K, capacity 2414K, committed 2432K, reserved 1048576K
}
Event: 3.440 GC heap after
{Heap after GC invocations=3 (full 0):
 garbage-first heap   total 63488K, used 8649K [0x00000000c2400000, 0x0000000100000000)
  region size 1024K, 2 young (2048K), 2 survivors (2048K)
 Metaspace       used 20648K, capacity 21112K, committed 21296K, reserved 1069056K
  class space    used 2224K, capacity 2414K, committed 2432K, reserved 1048576K
}
Event: 4.068 GC heap before
{Heap before GC invocations=4 (full 0):
 garbage-first heap   total 63488K, used 33225K [0x00000000c2400000, 0x0000000100000000)
  region size 1024K, 27 young (27648K), 2 survivors (2048K)
 Metaspace       used 24254K, capacity 24772K, committed 24960K, reserved 1071104K
  class space    used 2714K, capacity 2931K, committed 2944K, reserved 1048576K
}
Event: 4.074 GC heap after
{Heap after GC invocations=5 (full 0):
 garbage-first heap   total 63488K, used 9684K [0x00000000c2400000, 0x0000000100000000)
  region size 1024K, 3 young (3072K), 3 survivors (3072K)
 Metaspace       used 24254K, capacity 24772K, committed 24960K, reserved 1071104K
  class space    used 2714K, capacity 2931K, committed 2944K, reserved 1048576K
}
Event: 4.087 GC heap before
{Heap before GC invocations=5 (full 0):
 garbage-first heap   total 63488K, used 36308K [0x00000000c2400000, 0x0000000100000000)
  region size 1024K, 30 young (30720K), 3 survivors (3072K)
 Metaspace       used 24300K, capacity 24836K, committed 24960K, reserved 1071104K
  class space    used 2721K, capacity 2931K, committed 2944K, reserved 1048576K
}
Event: 4.091 GC heap after
{Heap after GC invocations=6 (full 0):
 garbage-first heap   total 63488K, used 9718K [0x00000000c2400000, 0x0000000100000000)
  region size 1024K, 2 young (2048K), 2 survivors (2048K)
 Metaspace       used 24300K, capacity 24836K, committed 24960K, reserved 1071104K
  class space    used 2721K, capacity 2931K, committed 2944K, reserved 1048576K
}
Event: 4.872 GC heap before
{Heap before GC invocations=6 (full 0):
 garbage-first heap   total 63488K, used 37366K [0x00000000c2400000, 0x0000000100000000)
  region size 1024K, 30 young (30720K), 2 survivors (2048K)
 Metaspace       used 26204K, capacity 26852K, committed 27136K, reserved 1073152K
  class space    used 2920K, capacity 3213K, committed 3328K, reserved 1048576K
}
Event: 4.878 GC heap after
{Heap after GC invocations=7 (full 0):
 garbage-first heap   total 63488K, used 10648K [0x00000000c2400000, 0x0000000100000000)
  region size 1024K, 3 young (3072K), 3 survivors (3072K)
 Metaspace       used 26204K, capacity 26852K, committed 27136K, reserved 1073152K
  class space    used 2920K, capacity 3213K, committed 3328K, reserved 1048576K
}
Event: 6.141 GC heap before
{Heap before GC invocations=7 (full 0):
 garbage-first heap   total 63488K, used 40344K [0x00000000c2400000, 0x0000000100000000)
  region size 1024K, 32 young (32768K), 3 survivors (3072K)
 Metaspace       used 30338K, capacity 31184K, committed 31232K, reserved 1077248K
  class space    used 3480K, capacity 3793K, committed 3840K, reserved 1048576K
}
Event: 6.155 GC heap after
{Heap after GC invocations=8 (full 0):
 garbage-first heap   total 63488K, used 12117K [0x00000000c2400000, 0x0000000100000000)
  region size 1024K, 4 young (4096K), 4 survivors (4096K)
 Metaspace       used 30338K, capacity 31184K, committed 31232K, reserved 1077248K
  class space    used 3480K, capacity 3793K, committed 3840K, reserved 1048576K
}
Event: 7.166 GC heap before
{Heap before GC invocations=8 (full 0):
 garbage-first heap   total 63488K, used 41813K [0x00000000c2400000, 0x0000000100000000)
  region size 1024K, 34 young (34816K), 4 survivors (4096K)
 Metaspace       used 34860K, capacity 35895K, committed 35968K, reserved 1081344K
  class space    used 4054K, capacity 4448K, committed 4480K, reserved 1048576K
}
Event: 7.184 GC heap after
{Heap after GC invocations=9 (full 0):
 garbage-first heap   total 63488K, used 14368K [0x00000000c2400000, 0x0000000100000000)
  region size 1024K, 4 young (4096K), 4 survivors (4096K)
 Metaspace       used 34860K, capacity 35895K, committed 35968K, reserved 1081344K
  class space    used 4054K, capacity 4448K, committed 4480K, reserved 1048576K
}
Event: 7.194 GC heap before
{Heap before GC invocations=9 (full 0):
 garbage-first heap   total 63488K, used 43040K [0x00000000c2400000, 0x0000000100000000)
  region size 1024K, 33 young (33792K), 4 survivors (4096K)
 Metaspace       used 34860K, capacity 35895K, committed 35968K, reserved 1081344K
  class space    used 4054K, capacity 4448K, committed 4480K, reserved 1048576K
}
Event: 7.204 GC heap after
{Heap after GC invocations=10 (full 0):
 garbage-first heap   total 76800K, used 14548K [0x00000000c2400000, 0x0000000100000000)
  region size 1024K, 3 young (3072K), 3 survivors (3072K)
 Metaspace       used 34860K, capacity 35895K, committed 35968K, reserved 1081344K
  class space    used 4054K, capacity 4448K, committed 4480K, reserved 1048576K
}
Event: 7.253 GC heap before
{Heap before GC invocations=10 (full 0):
 garbage-first heap   total 76800K, used 16596K [0x00000000c2400000, 0x0000000100000000)
  region size 1024K, 6 young (6144K), 3 survivors (3072K)
 Metaspace       used 34920K, capacity 35895K, committed 35968K, reserved 1081344K
  class space    used 4059K, capacity 4448K, committed 4480K, reserved 1048576K
}
Event: 7.269 GC heap after
{Heap after GC invocations=11 (full 0):
 garbage-first heap   total 76800K, used 14191K [0x00000000c2400000, 0x0000000100000000)
  region size 1024K, 2 young (2048K), 2 survivors (2048K)
 Metaspace       used 34920K, capacity 35895K, committed 35968K, reserved 1081344K
  class space    used 4059K, capacity 4448K, committed 4480K, reserved 1048576K
}
Event: 8.285 GC heap before
{Heap before GC invocations=12 (full 0):
 garbage-first heap   total 76800K, used 52079K [0x00000000c2400000, 0x0000000100000000)
  region size 1024K, 39 young (39936K), 2 survivors (2048K)
 Metaspace       used 39844K, capacity 40985K, committed 41088K, reserved 1085440K
  class space    used 4782K, capacity 5247K, committed 5248K, reserved 1048576K
}
Event: 8.295 GC heap after
{Heap after GC invocations=13 (full 0):
 garbage-first heap   total 76800K, used 15420K [0x00000000c2400000, 0x0000000100000000)
  region size 1024K, 4 young (4096K), 4 survivors (4096K)
 Metaspace       used 39844K, capacity 40985K, committed 41088K, reserved 1085440K
  class space    used 4782K, capacity 5247K, committed 5248K, reserved 1048576K
}
Event: 9.729 GC heap before
{Heap before GC invocations=13 (full 0):
 garbage-first heap   total 76800K, used 54332K [0x00000000c2400000, 0x0000000100000000)
  region size 1024K, 42 young (43008K), 4 survivors (4096K)
 Metaspace       used 46711K, capacity 47867K, committed 48128K, reserved 1091584K
  class space    used 5804K, capacity 6281K, committed 6400K, reserved 1048576K
}
Event: 9.738 GC heap after
{Heap after GC invocations=14 (full 0):
 garbage-first heap   total 76800K, used 17045K [0x00000000c2400000, 0x0000000100000000)
  region size 1024K, 3 young (3072K), 3 survivors (3072K)
 Metaspace       used 46711K, capacity 47867K, committed 48128K, reserved 1091584K
  class space    used 5804K, capacity 6281K, committed 6400K, reserved 1048576K
}

